<?xml version="1.0" encoding="UTF-8"?>
<testsuite name="PersonalAssistantTest" tests="1" skipped="0" failures="0" errors="0" timestamp="2020-04-09T12:03:55" hostname="arpan" time="0.213">
  <properties/>
  <testcase name="start" classname="PersonalAssistantTest" time="0.213"/>
  <system-out><![CDATA[?[1;31m
Start test 1?[0m
Hello! My name is jhon.
I was created in 2020.
Please, remind me your name.
>Marry
What a great name you have, Marry!
Let me guess your age.
Say me remainders of dividing your age by 3, 5 and 7.
>1 0 5
Your age is 40; that's a good time to start programming!
Now I will prove to you that I can count to any number you want.
>10
0!
1!
2!
3!
4!
5!
6!
7!
8!
9!
10!
Let's test your programming knowledge.
Which statement is the most complete about break and continue?
1. The keyword break can be written in a body of while and do-while loops.
2. The keyword continue cannot be written in a body of while and do-while loops.
3. Both keywords can be written in a body of for, while and do-while loops.
4. The keywords break and continue can be written in the conditional statement if-else.
>1
Please, try again.
>2
Please, try again.
>3
Congratulations, have a nice day!
]]></system-out>
  <system-err><![CDATA[]]></system-err>
</testsuite>
